#
# A fatal error has been detected by the Java Runtime Environment:
#
#  EXCEPTION_ACCESS_VIOLATION (0xc0000005) at pc=0x00000000564c6edf, pid=15340, tid=0x0000000000002da0
#
# JRE version: Java(TM) SE Runtime Environment (8.0_144-b01) (build 1.8.0_144-b01)
# Java VM: Java HotSpot(TM) 64-Bit Server VM (25.144-b01 mixed mode windows-amd64 compressed oops)
# Problematic frame:
# V  [jvm.dll+0xf6edf]
#
# Failed to write core dump. Minidumps are not enabled by default on client versions of Windows
#
# If you would like to submit a bug report, please visit:
#   http://bugreport.java.com/bugreport/crash.jsp
#

---------------  T H R E A D  ---------------

Current thread (0x0000000017308000):  VMThread [stack: 0x00000000183a0000,0x00000000184a0000] [id=11680]

siginfo: ExceptionCode=0xc0000005, reading address 0x000000002877fdb8

Registers:
RAX=0x0000000000194260, RBX=0x0000000000000000, RCX=0x00000000285ebb48, RDX=0x000000000000ca13
RSP=0x000000001849f168, RBP=0x000000001849f6e0, RSI=0x000000001849f870, RDI=0x000000001849f870
R8 =0x0000000000000000, R9 =0x00000000285e9898, R10=0x0000000000000007, R11=0x00000000284f74b0
R12=0x00000000172154f0, R13=0x000000001849f6a0, R14=0x00000000000003d8, R15=0x000000001849f690
RIP=0x00000000564c6edf, EFLAGS=0x0000000000010206

Top of Stack: (sp=0x000000001849f168)
0x000000001849f168:   00000000564cea10 00000000fcc62330
0x000000001849f178:   0000000000000000 000000001849f870
0x000000001849f188:   00000000fcc62478 00000000fcc624e0
0x000000001849f198:   00000000fcc62548 00000000569d4868
0x000000001849f1a8:   00000000202435a0 000000000000007e
0x000000001849f1b8:   000000000000000e 000000001849f1e0
0x000000001849f1c8:   0000000000000005 0000000000000000
0x000000001849f1d8:   00000000fcc62838 4fffffff4fffffff
0x000000001849f1e8:   4fffffff4fffffff 000000004fffffff
0x000000001849f1f8:   00000000fcc629d8 00000000fcc62a40
0x000000001849f208:   00000000fcc62ab8 00000000fcc62b30
0x000000001849f218:   00000000fcc62ba8 00000000fcc62c10
0x000000001849f228:   00000000fcc62c78 00000000fcc62ce0
0x000000001849f238:   00000000fcc62d48 00000000fcc62dc0
0x000000001849f248:   00000000fcc62e28 00000000fcc62ea0
0x000000001849f258:   00000000fcc62f08 00000000fcc62f70 

Instructions: (pc=0x00000000564c6edf)
0x00000000564c6ebf:   74 3e 85 d2 79 13 f7 d2 48 63 c2 48 c1 e0 05 48
0x00000000564c6ecf:   8b 44 08 10 0f b7 c0 eb 12 48 63 c2 48 c1 e0 05
0x00000000564c6edf:   48 8b 44 08 10 0f b7 d0 48 63 c2 41 0f b7 4c c1
0x00000000564c6eef:   52 48 63 c1 41 0f b7 44 c1 52 49 8b 44 c1 50 c3 


Register to memory mapping:

RAX=0x0000000000194260 is an unknown value
RBX=0x0000000000000000 is an unknown value
RCX=0x00000000285ebb48 is pointing into metadata
RDX=0x000000000000ca13 is an unknown value
RSP=0x000000001849f168 is an unknown value
RBP=0x000000001849f6e0 is an unknown value
RSI=0x000000001849f870 is an unknown value
RDI=0x000000001849f870 is an unknown value
R8 =0x0000000000000000 is an unknown value
R9 =0x00000000285e9898 is pointing into metadata
R10=0x0000000000000007 is an unknown value
R11=0x00000000284f74b0 is pointing into metadata
R12=0x00000000172154f0 is an unknown value
R13=0x000000001849f6a0 is an unknown value
R14=0x00000000000003d8 is an unknown value
R15=0x000000001849f690 is an unknown value


Stack: [0x00000000183a0000,0x00000000184a0000],  sp=0x000000001849f168,  free space=1020k
Native frames: (J=compiled Java code, j=interpreted, Vv=VM code, C=native code)
V  [jvm.dll+0xf6edf]

VM_Operation (0x0000000018ddf560): GetOrSetLocal, mode: safepoint, requested by thread 0x0000000017358000


---------------  P R O C E S S  ---------------

Java Threads: ( => current thread )
  0x00000000221db800 JavaThread "http-nio-8080-exec-10" daemon [_thread_blocked, id=16468, stack(0x0000000027f80000,0x0000000028080000)]
  0x00000000221dd000 JavaThread "http-nio-8080-exec-9" daemon [_thread_blocked, id=10180, stack(0x0000000027e80000,0x0000000027f80000)]
  0x00000000221e0000 JavaThread "http-nio-8080-exec-8" daemon [_thread_blocked, id=2924, stack(0x0000000027d80000,0x0000000027e80000)]
  0x00000000221df800 JavaThread "http-nio-8080-exec-7" daemon [_thread_blocked, id=16880, stack(0x0000000027c80000,0x0000000027d80000)]
  0x00000000221de000 JavaThread "http-nio-8080-exec-6" daemon [_thread_blocked, id=16064, stack(0x0000000027b80000,0x0000000027c80000)]
  0x00000000221e1000 JavaThread "http-nio-8080-exec-5" daemon [_thread_blocked, id=11996, stack(0x0000000027a80000,0x0000000027b80000)]
  0x00000000221db000 JavaThread "http-nio-8080-exec-4" daemon [_thread_blocked, id=4676, stack(0x0000000027980000,0x0000000027a80000)]
  0x00000000221dc800 JavaThread "http-nio-8080-exec-3" daemon [_thread_blocked, id=11080, stack(0x0000000027680000,0x0000000027780000)]
  0x000000001df09000 JavaThread "http-nio-8080-exec-2" daemon [_thread_blocked, id=13000, stack(0x0000000027580000,0x0000000027680000)]
  0x000000001df07800 JavaThread "http-nio-8080-exec-1" daemon [_thread_blocked, id=18168, stack(0x0000000026ff0000,0x00000000270f0000)]
  0x000000001df08800 JavaThread "DestroyJavaVM" [_thread_blocked, id=13592, stack(0x0000000002610000,0x0000000002710000)]
  0x000000001df0e800 JavaThread "http-nio-8080-Acceptor-0" daemon [_thread_in_native, id=12692, stack(0x0000000026ef0000,0x0000000026ff0000)]
  0x000000001df0d800 JavaThread "http-nio-8080-ClientPoller-1" daemon [_thread_in_native, id=5036, stack(0x0000000026b90000,0x0000000026c90000)]
  0x000000001df0d000 JavaThread "http-nio-8080-ClientPoller-0" daemon [_thread_in_native, id=12608, stack(0x0000000026a90000,0x0000000026b90000)]
  0x000000001df0a800 JavaThread "NioBlockingSelector.BlockPoller-1" daemon [_thread_in_native, id=8848, stack(0x0000000026990000,0x0000000026a90000)]
  0x000000001df0c000 JavaThread "container-0" [_thread_blocked, id=15296, stack(0x0000000026690000,0x0000000026790000)]
  0x000000001df0b800 JavaThread "ContainerBackgroundProcessor[StandardEngine[Tomcat].StandardHost[localhost].StandardContext[]]" daemon [_thread_blocked, id=9792, stack(0x0000000025b10000,0x0000000025c10000)]
  0x000000001b454000 JavaThread "Abandoned connection cleanup thread" daemon [_thread_blocked, id=4976, stack(0x0000000023d20000,0x0000000023e20000)]
  0x000000001ab98800 JavaThread "Tomcat JDBC Pool Cleaner[414493378:1508499435222]" daemon [_thread_blocked, id=14912, stack(0x0000000022c10000,0x0000000022d10000)]
  0x000000001739e000 JavaThread "Service Thread" daemon [_thread_blocked, id=14180, stack(0x00000000196e0000,0x00000000197e0000)]
  0x000000001737c800 JavaThread "C1 CompilerThread2" daemon [_thread_blocked, id=18404, stack(0x00000000191e0000,0x00000000192e0000)]
  0x0000000017377000 JavaThread "C2 CompilerThread1" daemon [_thread_blocked, id=9384, stack(0x00000000190e0000,0x00000000191e0000)]
  0x0000000017373000 JavaThread "C2 CompilerThread0" daemon [_thread_blocked, id=5920, stack(0x0000000018fe0000,0x00000000190e0000)]
  0x0000000017367000 JavaThread "JDWP Command Reader" daemon [_thread_blocked, id=8516, stack(0x0000000018ee0000,0x0000000018fe0000)]
  0x0000000017365800 JavaThread "JDWP Event Helper Thread" daemon [_thread_blocked, id=17084, stack(0x0000000018de0000,0x0000000018ee0000)]
  0x0000000017358000 JavaThread "JDWP Transport Listener: dt_socket" daemon [_thread_blocked, id=13840, stack(0x0000000018ce0000,0x0000000018de0000)]
  0x000000001734a800 JavaThread "Attach Listener" daemon [_thread_blocked, id=14224, stack(0x00000000188a0000,0x00000000189a0000)]
  0x0000000017349000 JavaThread "Signal Dispatcher" daemon [_thread_blocked, id=15500, stack(0x00000000187a0000,0x00000000188a0000)]
  0x000000001732f800 JavaThread "Finalizer" daemon [_thread_blocked, id=11296, stack(0x00000000185a0000,0x00000000186a0000)]
  0x0000000002809000 JavaThread "Reference Handler" daemon [_thread_blocked, id=3816, stack(0x00000000184a0000,0x00000000185a0000)]

Other Threads:
=>0x0000000017308000 VMThread [stack: 0x00000000183a0000,0x00000000184a0000] [id=11680]
  0x00000000193e5800 WatcherThread [stack: 0x0000000019930000,0x0000000019a30000] [id=7808]

VM state:at safepoint (normal execution)

VM Mutex/Monitor currently owned by a thread:  ([mutex/lock_event])
[0x00000000027182f0] Threads_lock - owner thread: 0x0000000017308000

Heap:
 PSYoungGen      total 558592K, used 157620K [0x00000000d5f00000, 0x00000000fd380000, 0x0000000100000000)
  eden space 541184K, 25% used [0x00000000d5f00000,0x00000000de84e940,0x00000000f6f80000)
  from space 17408K, 97% used [0x00000000fc280000,0x00000000fd31e6d0,0x00000000fd380000)
  to   space 30720K, 0% used [0x00000000f9780000,0x00000000f9780000,0x00000000fb580000)
 ParOldGen       total 190976K, used 83368K [0x0000000081c00000, 0x000000008d680000, 0x00000000d5f00000)
  object space 190976K, 43% used [0x0000000081c00000,0x0000000086d6a188,0x000000008d680000)
 Metaspace       used 71844K, capacity 73770K, committed 73816K, reserved 1114112K
  class space    used 8211K, capacity 8553K, committed 8576K, reserved 1048576K

Card table byte_map: [0x0000000011bd0000,0x0000000011fd0000] byte_map_base: 0x00000000117c2000

Marking Bits: (ParMarkBitMap*) 0x0000000056bed850
 Begin Bits: [0x0000000012680000, 0x0000000014610000)
 End Bits:   [0x0000000014610000, 0x00000000165a0000)

Polling page: 0x0000000002350000

CodeCache: size=245760Kb used=46243Kb max_used=46427Kb free=199516Kb
 bounds [0x0000000002810000, 0x00000000055e0000, 0x0000000011810000]
 total_blobs=12233 nmethods=11660 adapters=490
 compilation: enabled

Compilation events (10 events):
Event: 7478.645 Thread 0x000000001737c800 14830       3       br.gov.df.emater.aterwebsrv.rest.json.JsonDeserializerTimestamp::deserialize (7 bytes)
Event: 7478.646 Thread 0x000000001737c800 nmethod 14830 0x00000000029e4c10 code [0x00000000029e4dc0, 0x00000000029e51d8]
Event: 7478.647 Thread 0x000000001737c800 14831  s    3       br.gov.df.emater.aterwebsrv.ferramenta.UtilitarioData::formataTimestamp (33 bytes)
Event: 7478.648 Thread 0x000000001737c800 nmethod 14831 0x0000000004ca9e50 code [0x0000000004caa060, 0x0000000004caabb8]
Event: 7478.649 Thread 0x000000001737c800 14832       3       org.springframework.web.cors.DefaultCorsProcessor::processRequest (107 bytes)
Event: 7478.652 Thread 0x000000001737c800 nmethod 14832 0x0000000004343890 code [0x0000000004343c20, 0x0000000004345428]
Event: 7478.653 Thread 0x000000001737c800 14833       3       org.springframework.http.HttpHeaders::getAccessControlAllowOrigin (7 bytes)
Event: 7478.653 Thread 0x000000001737c800 nmethod 14833 0x0000000002b0db50 code [0x0000000002b0dcc0, 0x0000000002b0dee8]
Event: 7478.659 Thread 0x000000001737c800 14834       3       org.apache.catalina.connector.OutputBuffer::close (146 bytes)
Event: 7478.660 Thread 0x000000001737c800 nmethod 14834 0x0000000003ecbad0 code [0x0000000003ecbce0, 0x0000000003eccab8]

GC Heap History (10 events):
Event: 41.684 GC heap before
{Heap before GC invocations=15 (full 2):
 PSYoungGen      total 515584K, used 378346K [0x00000000d5f00000, 0x00000000f7b00000, 0x0000000100000000)
  eden space 485376K, 74% used [0x00000000d5f00000,0x00000000ec042260,0x00000000f3900000)
  from space 30208K, 54% used [0x00000000f5d80000,0x00000000f6db85c0,0x00000000f7b00000)
  to   space 33792K, 0% used [0x00000000f3900000,0x00000000f3900000,0x00000000f5a00000)
 ParOldGen       total 130048K, used 88873K [0x0000000081c00000, 0x0000000089b00000, 0x00000000d5f00000)
  object space 130048K, 68% used [0x0000000081c00000,0x00000000872ca408,0x0000000089b00000)
 Metaspace       used 58291K, capacity 59014K, committed 59096K, reserved 1101824K
  class space    used 6990K, capacity 7153K, committed 7168K, reserved 1048576K
Event: 41.765 GC heap after
Heap after GC invocations=15 (full 2):
 PSYoungGen      total 519168K, used 18634K [0x00000000d5f00000, 0x0000000100000000, 0x0000000100000000)
  eden space 485376K, 0% used [0x00000000d5f00000,0x00000000d5f00000,0x00000000f3900000)
  from space 33792K, 55% used [0x00000000f3900000,0x00000000f4b32908,0x00000000f5a00000)
  to   space 33280K, 0% used [0x00000000fdf80000,0x00000000fdf80000,0x0000000100000000)
 ParOldGen       total 130048K, used 101179K [0x0000000081c00000, 0x0000000089b00000, 0x00000000d5f00000)
  object space 130048K, 77% used [0x0000000081c00000,0x0000000087eced58,0x0000000089b00000)
 Metaspace       used 58291K, capacity 59014K, committed 59096K, reserved 1101824K
  class space    used 6990K, capacity 7153K, committed 7168K, reserved 1048576K
}
Event: 41.765 GC heap before
{Heap before GC invocations=16 (full 3):
 PSYoungGen      total 519168K, used 18634K [0x00000000d5f00000, 0x0000000100000000, 0x0000000100000000)
  eden space 485376K, 0% used [0x00000000d5f00000,0x00000000d5f00000,0x00000000f3900000)
  from space 33792K, 55% used [0x00000000f3900000,0x00000000f4b32908,0x00000000f5a00000)
  to   space 33280K, 0% used [0x00000000fdf80000,0x00000000fdf80000,0x0000000100000000)
 ParOldGen       total 130048K, used 101179K [0x0000000081c00000, 0x0000000089b00000, 0x00000000d5f00000)
  object space 130048K, 77% used [0x0000000081c00000,0x0000000087eced58,0x0000000089b00000)
 Metaspace       used 58291K, capacity 59014K, committed 59096K, reserved 1101824K
  class space    used 6990K, capacity 7153K, committed 7168K, reserved 1048576K
Event: 42.312 GC heap after
Heap after GC invocations=16 (full 3):
 PSYoungGen      total 519168K, used 0K [0x00000000d5f00000, 0x0000000100000000, 0x0000000100000000)
  eden space 485376K, 0% used [0x00000000d5f00000,0x00000000d5f00000,0x00000000f3900000)
  from space 33792K, 0% used [0x00000000f3900000,0x00000000f3900000,0x00000000f5a00000)
  to   space 33280K, 0% used [0x00000000fdf80000,0x00000000fdf80000,0x0000000100000000)
 ParOldGen       total 190976K, used 83352K [0x0000000081c00000, 0x000000008d680000, 0x00000000d5f00000)
  object space 190976K, 43% used [0x0000000081c00000,0x0000000086d66188,0x000000008d680000)
 Metaspace       used 58291K, capacity 59014K, committed 59096K, reserved 1101824K
  class space    used 6990K, capacity 7153K, committed 7168K, reserved 1048576K
}
Event: 364.573 GC heap before
{Heap before GC invocations=17 (full 3):
 PSYoungGen      total 519168K, used 485376K [0x00000000d5f00000, 0x0000000100000000, 0x0000000100000000)
  eden space 485376K, 100% used [0x00000000d5f00000,0x00000000f3900000,0x00000000f3900000)
  from space 33792K, 0% used [0x00000000f3900000,0x00000000f3900000,0x00000000f5a00000)
  to   space 33280K, 0% used [0x00000000fdf80000,0x00000000fdf80000,0x0000000100000000)
 ParOldGen       total 190976K, used 83352K [0x0000000081c00000, 0x000000008d680000, 0x00000000d5f00000)
  object space 190976K, 43% used [0x0000000081c00000,0x0000000086d66188,0x000000008d680000)
 Metaspace       used 69695K, capacity 71202K, committed 71384K, reserved 1112064K
  class space    used 8086K, capacity 8371K, committed 8448K, reserved 1048576K
Event: 364.601 GC heap after
Heap after GC invocations=17 (full 3):
 PSYoungGen      total 612352K, used 20481K [0x00000000d5f00000, 0x00000000ff400000, 0x0000000100000000)
  eden space 591360K, 0% used [0x00000000d5f00000,0x00000000d5f00000,0x00000000fa080000)
  from space 20992K, 97% used [0x00000000fdf80000,0x00000000ff380448,0x00000000ff400000)
  to   space 33280K, 0% used [0x00000000fb300000,0x00000000fb300000,0x00000000fd380000)
 ParOldGen       total 190976K, used 83360K [0x0000000081c00000, 0x000000008d680000, 0x00000000d5f00000)
  object space 190976K, 43% used [0x0000000081c00000,0x0000000086d68188,0x000000008d680000)
 Metaspace       used 69695K, capacity 71202K, committed 71384K, reserved 1112064K
  class space    used 8086K, capacity 8371K, committed 8448K, reserved 1048576K
}
Event: 1757.261 GC heap before
{Heap before GC invocations=18 (full 3):
 PSYoungGen      total 612352K, used 611841K [0x00000000d5f00000, 0x00000000ff400000, 0x0000000100000000)
  eden space 591360K, 100% used [0x00000000d5f00000,0x00000000fa080000,0x00000000fa080000)
  from space 20992K, 97% used [0x00000000fdf80000,0x00000000ff380448,0x00000000ff400000)
  to   space 33280K, 0% used [0x00000000fb300000,0x00000000fb300000,0x00000000fd380000)
 ParOldGen       total 190976K, used 83360K [0x0000000081c00000, 0x000000008d680000, 0x00000000d5f00000)
  object space 190976K, 43% used [0x0000000081c00000,0x0000000086d68188,0x000000008d680000)
 Metaspace       used 70222K, capacity 71792K, committed 71896K, reserved 1112064K
  class space    used 8099K, capacity 8394K, committed 8448K, reserved 1048576K
Event: 1757.285 GC heap after
Heap after GC invocations=18 (full 3):
 PSYoungGen      total 581632K, used 15495K [0x00000000d5f00000, 0x00000000fe000000, 0x0000000100000000)
  eden space 565760K, 0% used [0x00000000d5f00000,0x00000000d5f00000,0x00000000f8780000)
  from space 15872K, 97% used [0x00000000fb300000,0x00000000fc221ee0,0x00000000fc280000)
  to   space 30208K, 0% used [0x00000000fc280000,0x00000000fc280000,0x00000000fe000000)
 ParOldGen       total 190976K, used 83360K [0x0000000081c00000, 0x000000008d680000, 0x00000000d5f00000)
  object space 190976K, 43% used [0x0000000081c00000,0x0000000086d68188,0x000000008d680000)
 Metaspace       used 70222K, capacity 71792K, committed 71896K, reserved 1112064K
  class space    used 8099K, capacity 8394K, committed 8448K, reserved 1048576K
}
Event: 4764.388 GC heap before
{Heap before GC invocations=19 (full 3):
 PSYoungGen      total 581632K, used 581255K [0x00000000d5f00000, 0x00000000fe000000, 0x0000000100000000)
  eden space 565760K, 100% used [0x00000000d5f00000,0x00000000f8780000,0x00000000f8780000)
  from space 15872K, 97% used [0x00000000fb300000,0x00000000fc221ee0,0x00000000fc280000)
  to   space 30208K, 0% used [0x00000000fc280000,0x00000000fc280000,0x00000000fe000000)
 ParOldGen       total 190976K, used 83360K [0x0000000081c00000, 0x000000008d680000, 0x00000000d5f00000)
  object space 190976K, 43% used [0x0000000081c00000,0x0000000086d68188,0x000000008d680000)
 Metaspace       used 71290K, capacity 73196K, committed 73304K, reserved 1114112K
  class space    used 8183K, capacity 8516K, committed 8576K, reserved 1048576K
Event: 4764.414 GC heap after
Heap after GC invocations=19 (full 3):
 PSYoungGen      total 558592K, used 17017K [0x00000000d5f00000, 0x00000000fd380000, 0x0000000100000000)
  eden space 541184K, 0% used [0x00000000d5f00000,0x00000000d5f00000,0x00000000f6f80000)
  from space 17408K, 97% used [0x00000000fc280000,0x00000000fd31e6d0,0x00000000fd380000)
  to   space 30720K, 0% used [0x00000000f9780000,0x00000000f9780000,0x00000000fb580000)
 ParOldGen       total 190976K, used 83368K [0x0000000081c00000, 0x000000008d680000, 0x00000000d5f00000)
  object space 190976K, 43% used [0x0000000081c00000,0x0000000086d6a188,0x000000008d680000)
 Metaspace       used 71290K, capacity 73196K, committed 73304K, reserved 1114112K
  class space    used 8183K, capacity 8516K, committed 8576K, reserved 1048576K
}

Deoptimization events (10 events):
Event: 7478.647 Thread 0x000000001df09000 Uncommon trap: reason=range_check action=none pc=0x0000000003607084 method=sun.reflect.generics.parser.SignatureParser.current()C @ 34
Event: 7478.647 Thread 0x000000001df09000 Uncommon trap: reason=range_check action=none pc=0x0000000003607084 method=sun.reflect.generics.parser.SignatureParser.current()C @ 34
Event: 7478.649 Thread 0x000000001df09000 Uncommon trap: reason=range_check action=none pc=0x0000000003607084 method=sun.reflect.generics.parser.SignatureParser.current()C @ 34
Event: 7478.649 Thread 0x000000001df09000 Uncommon trap: reason=range_check action=none pc=0x0000000003607084 method=sun.reflect.generics.parser.SignatureParser.current()C @ 34
Event: 7478.649 Thread 0x000000001df09000 Uncommon trap: reason=range_check action=none pc=0x0000000003607084 method=sun.reflect.generics.parser.SignatureParser.current()C @ 34
Event: 7478.650 Thread 0x000000001df09000 Uncommon trap: reason=range_check action=none pc=0x0000000003607084 method=sun.reflect.generics.parser.SignatureParser.current()C @ 34
Event: 7478.650 Thread 0x000000001df09000 Uncommon trap: reason=range_check action=none pc=0x0000000003607084 method=sun.reflect.generics.parser.SignatureParser.current()C @ 34
Event: 7478.650 Thread 0x000000001df09000 Uncommon trap: reason=range_check action=none pc=0x0000000003607084 method=sun.reflect.generics.parser.SignatureParser.current()C @ 34
Event: 7478.650 Thread 0x000000001df09000 Uncommon trap: reason=range_check action=none pc=0x0000000003607084 method=sun.reflect.generics.parser.SignatureParser.current()C @ 34
Event: 7478.650 Thread 0x000000001df09000 Uncommon trap: reason=range_check action=none pc=0x0000000003607084 method=sun.reflect.generics.parser.SignatureParser.current()C @ 34

Internal exceptions (10 events):
Event: 7478.647 Thread 0x000000001df09000 Exception <a 'java/lang/ArrayIndexOutOfBoundsException': 79> (0x00000000de6337e8) thrown at [C:\re\workspace\8-2-build-windows-amd64-cygwin\jdk8u144\9417\hotspot\src\share\vm\interpreter\interpreterRuntime.cpp, line 366]
Event: 7478.647 Thread 0x000000001df09000 Exception <a 'java/lang/ArrayIndexOutOfBoundsException': 83> (0x00000000de6356d8) thrown at [C:\re\workspace\8-2-build-windows-amd64-cygwin\jdk8u144\9417\hotspot\src\share\vm\interpreter\interpreterRuntime.cpp, line 366]
Event: 7478.649 Thread 0x000000001df09000 Exception <a 'java/lang/ArrayIndexOutOfBoundsException': 77> (0x00000000de65e620) thrown at [C:\re\workspace\8-2-build-windows-amd64-cygwin\jdk8u144\9417\hotspot\src\share\vm\interpreter\interpreterRuntime.cpp, line 366]
Event: 7478.649 Thread 0x000000001df09000 Exception <a 'java/lang/ArrayIndexOutOfBoundsException': 78> (0x00000000de6609f8) thrown at [C:\re\workspace\8-2-build-windows-amd64-cygwin\jdk8u144\9417\hotspot\src\share\vm\interpreter\interpreterRuntime.cpp, line 366]
Event: 7478.649 Thread 0x000000001df09000 Exception <a 'java/lang/ArrayIndexOutOfBoundsException': 76> (0x00000000de6627c8) thrown at [C:\re\workspace\8-2-build-windows-amd64-cygwin\jdk8u144\9417\hotspot\src\share\vm\interpreter\interpreterRuntime.cpp, line 366]
Event: 7478.650 Thread 0x000000001df09000 Exception <a 'java/lang/ArrayIndexOutOfBoundsException': 79> (0x00000000de6642c8) thrown at [C:\re\workspace\8-2-build-windows-amd64-cygwin\jdk8u144\9417\hotspot\src\share\vm\interpreter\interpreterRuntime.cpp, line 366]
Event: 7478.650 Thread 0x000000001df09000 Exception <a 'java/lang/ArrayIndexOutOfBoundsException': 82> (0x00000000de665e38) thrown at [C:\re\workspace\8-2-build-windows-amd64-cygwin\jdk8u144\9417\hotspot\src\share\vm\interpreter\interpreterRuntime.cpp, line 366]
Event: 7478.650 Thread 0x000000001df09000 Exception <a 'java/lang/ArrayIndexOutOfBoundsException': 80> (0x00000000de6684c8) thrown at [C:\re\workspace\8-2-build-windows-amd64-cygwin\jdk8u144\9417\hotspot\src\share\vm\interpreter\interpreterRuntime.cpp, line 366]
Event: 7478.650 Thread 0x000000001df09000 Exception <a 'java/lang/ArrayIndexOutOfBoundsException': 85> (0x00000000de66a678) thrown at [C:\re\workspace\8-2-build-windows-amd64-cygwin\jdk8u144\9417\hotspot\src\share\vm\interpreter\interpreterRuntime.cpp, line 366]
Event: 7478.650 Thread 0x000000001df09000 Exception <a 'java/lang/ArrayIndexOutOfBoundsException': 79> (0x00000000de66c6a8) thrown at [C:\re\workspace\8-2-build-windows-amd64-cygwin\jdk8u144\9417\hotspot\src\share\vm\interpreter\interpreterRuntime.cpp, line 366]

Events (10 events):
Event: 7478.650 Thread 0x000000001df09000 DEOPT PACKING pc=0x0000000003607084 sp=0x000000002767d4a0
Event: 7478.650 Thread 0x000000001df09000 DEOPT UNPACKING pc=0x000000000285582a sp=0x000000002767d448 mode 2
Event: 7478.650 Thread 0x000000001df09000 Uncommon trap: trap_request=0xffffffe7 fr.pc=0x0000000003607084
Event: 7478.650 Thread 0x000000001df09000 DEOPT PACKING pc=0x0000000003607084 sp=0x000000002767d4a0
Event: 7478.650 Thread 0x000000001df09000 DEOPT UNPACKING pc=0x000000000285582a sp=0x000000002767d448 mode 2
Event: 7478.653 Thread 0x000000001737c800 flushing nmethod 0x0000000003d26050
Event: 7478.654 Executing VM operation: ForceSafepoint
Event: 7478.654 Executing VM operation: ForceSafepoint done
Event: 7478.655 Thread 0x000000001737c800 flushing nmethod 0x0000000003ecb910
Event: 7479.045 Executing VM operation: GetOrSetLocal


Dynamic libraries:
0x00007ff60b800000 - 0x00007ff60b837000 	C:\Program Files\Java\jre1.8.0_144\bin\javaw.exe
0x00007ffdf9400000 - 0x00007ffdf95db000 	C:\WINDOWS\SYSTEM32\ntdll.dll
0x00007ffdf8530000 - 0x00007ffdf85de000 	C:\WINDOWS\System32\KERNEL32.DLL
0x00007ffdf6410000 - 0x00007ffdf6659000 	C:\WINDOWS\System32\KERNELBASE.dll
0x00007ffdf8480000 - 0x00007ffdf8521000 	C:\WINDOWS\System32\ADVAPI32.dll
0x00007ffdf8db0000 - 0x00007ffdf8e4d000 	C:\WINDOWS\System32\msvcrt.dll
0x00007ffdf90c0000 - 0x00007ffdf9119000 	C:\WINDOWS\System32\sechost.dll
0x00007ffdf8f60000 - 0x00007ffdf9085000 	C:\WINDOWS\System32\RPCRT4.dll
0x00007ffdf8c60000 - 0x00007ffdf8daa000 	C:\WINDOWS\System32\USER32.dll
0x00007ffdf60d0000 - 0x00007ffdf60ee000 	C:\WINDOWS\System32\win32u.dll
0x00007ffdf9090000 - 0x00007ffdf90b7000 	C:\WINDOWS\System32\GDI32.dll
0x00007ffdf6660000 - 0x00007ffdf67e8000 	C:\WINDOWS\System32\gdi32full.dll
0x00007ffdf60f0000 - 0x00007ffdf618a000 	C:\WINDOWS\System32\msvcp_win.dll
0x00007ffdf67f0000 - 0x00007ffdf68e6000 	C:\WINDOWS\System32\ucrtbase.dll
0x00007ffde7a90000 - 0x00007ffde7cf7000 	C:\WINDOWS\WinSxS\amd64_microsoft.windows.common-controls_6595b64144ccf1df_6.0.15063.483_none_26002d27e7c744a2\COMCTL32.dll
0x00007ffdf6ac0000 - 0x00007ffdf6db9000 	C:\WINDOWS\System32\combase.dll
0x00007ffdf68f0000 - 0x00007ffdf695a000 	C:\WINDOWS\System32\bcryptPrimitives.dll
0x00007ffdf85e0000 - 0x00007ffdf860d000 	C:\WINDOWS\System32\IMM32.DLL
0x00000000562f0000 - 0x00000000563c2000 	C:\Program Files\Java\jre1.8.0_144\bin\msvcr100.dll
0x00000000563d0000 - 0x0000000056c6d000 	C:\Program Files\Java\jre1.8.0_144\bin\server\jvm.dll
0x00007ffdf8a50000 - 0x00007ffdf8a58000 	C:\WINDOWS\System32\PSAPI.DLL
0x00007ffdf2640000 - 0x00007ffdf2649000 	C:\WINDOWS\SYSTEM32\WSOCK32.dll
0x00007ffdf6dc0000 - 0x00007ffdf6e2c000 	C:\WINDOWS\System32\WS2_32.dll
0x00007ffdf3aa0000 - 0x00007ffdf3ac3000 	C:\WINDOWS\SYSTEM32\WINMM.dll
0x00007ffded070000 - 0x00007ffded07a000 	C:\WINDOWS\SYSTEM32\VERSION.dll
0x00007ffdf3a40000 - 0x00007ffdf3a6b000 	C:\WINDOWS\SYSTEM32\winmmbase.dll
0x00007ffdf6020000 - 0x00007ffdf6069000 	C:\WINDOWS\System32\cfgmgr32.dll
0x0000000056dc0000 - 0x0000000056dcf000 	C:\Program Files\Java\jre1.8.0_144\bin\verify.dll
0x0000000056d90000 - 0x0000000056db9000 	C:\Program Files\Java\jre1.8.0_144\bin\java.dll
0x0000000056030000 - 0x0000000056065000 	C:\Program Files\Java\jre1.8.0_144\bin\jdwp.dll
0x0000000056020000 - 0x0000000056028000 	C:\Program Files\Java\jre1.8.0_144\bin\npt.dll
0x0000000056d70000 - 0x0000000056d86000 	C:\Program Files\Java\jre1.8.0_144\bin\zip.dll
0x00007ffdf6ea0000 - 0x00007ffdf82d6000 	C:\WINDOWS\System32\SHELL32.dll
0x00007ffdf8bb0000 - 0x00007ffdf8c5a000 	C:\WINDOWS\System32\shcore.dll
0x00007ffdf5920000 - 0x00007ffdf6013000 	C:\WINDOWS\System32\windows.storage.dll
0x00007ffdf6e30000 - 0x00007ffdf6e81000 	C:\WINDOWS\System32\shlwapi.dll
0x00007ffdf5900000 - 0x00007ffdf5911000 	C:\WINDOWS\System32\kernel.appcore.dll
0x00007ffdf5890000 - 0x00007ffdf58dc000 	C:\WINDOWS\System32\powrprof.dll
0x00007ffdf5870000 - 0x00007ffdf5885000 	C:\WINDOWS\System32\profapi.dll
0x0000000056010000 - 0x0000000056019000 	C:\Program Files\Java\jre1.8.0_144\bin\dt_socket.dll
0x00007ffde24b0000 - 0x00007ffde24c6000 	C:\WINDOWS\system32\napinsp.dll
0x00007ffde2490000 - 0x00007ffde24aa000 	C:\WINDOWS\system32\pnrpnsp.dll
0x00007ffdf26d0000 - 0x00007ffdf26e8000 	C:\WINDOWS\system32\NLAapi.dll
0x00007ffdf5180000 - 0x00007ffdf51dc000 	C:\WINDOWS\System32\mswsock.dll
0x00007ffdf4f60000 - 0x00007ffdf5004000 	C:\WINDOWS\SYSTEM32\DNSAPI.dll
0x00007ffdf91e0000 - 0x00007ffdf91e8000 	C:\WINDOWS\System32\NSI.dll
0x00007ffdf4f20000 - 0x00007ffdf4f57000 	C:\WINDOWS\SYSTEM32\IPHLPAPI.DLL
0x00007ffde2480000 - 0x00007ffde248e000 	C:\WINDOWS\System32\winrnr.dll
0x00007ffde2440000 - 0x00007ffde2455000 	C:\WINDOWS\System32\wshbth.dll
0x00007ffded420000 - 0x00007ffded48b000 	C:\WINDOWS\System32\fwpuclnt.dll
0x00007ffdf5430000 - 0x00007ffdf5455000 	C:\WINDOWS\SYSTEM32\bcrypt.dll
0x00007ffded080000 - 0x00007ffded08a000 	C:\Windows\System32\rasadhlp.dll
0x0000000056000000 - 0x000000005600d000 	C:\Program Files\Java\jre1.8.0_144\bin\management.dll
0x0000000056d50000 - 0x0000000056d6a000 	C:\Program Files\Java\jre1.8.0_144\bin\net.dll
0x0000000056d30000 - 0x0000000056d41000 	C:\Program Files\Java\jre1.8.0_144\bin\nio.dll
0x00007ffdf5330000 - 0x00007ffdf5347000 	C:\WINDOWS\SYSTEM32\CRYPTSP.dll
0x00007ffdf4da0000 - 0x00007ffdf4dd4000 	C:\WINDOWS\system32\rsaenh.dll
0x00007ffdf57a0000 - 0x00007ffdf57c9000 	C:\WINDOWS\SYSTEM32\USERENV.dll
0x00007ffdf5320000 - 0x00007ffdf532b000 	C:\WINDOWS\SYSTEM32\CRYPTBASE.dll
0x00007ffdf08a0000 - 0x00007ffdf08b6000 	C:\WINDOWS\SYSTEM32\dhcpcsvc6.DLL
0x00007ffdf0400000 - 0x00007ffdf041a000 	C:\WINDOWS\SYSTEM32\dhcpcsvc.DLL
0x0000000056d00000 - 0x0000000056d24000 	C:\Program Files\Java\jre1.8.0_144\bin\sunec.dll
0x00007ffde4380000 - 0x00007ffde4529000 	C:\WINDOWS\SYSTEM32\dbghelp.dll

VM Arguments:
jvm_args: -agentlib:jdwp=transport=dt_socket,suspend=y,address=localhost:60236 -Dfile.encoding=UTF-8 
java_command: br.gov.df.emater.aterwebsrv.AterWebApplication
java_class_path (initial): C:\ematerweb\aterwebsrv\target\classes;C:\Users\usuario\.m2\repository\org\springframework\boot\spring-boot-starter-tomcat\1.3.5.RELEASE\spring-boot-starter-tomcat-1.3.5.RELEASE.jar;C:\Users\usuario\.m2\repository\org\apache\tomcat\embed\tomcat-embed-core\8.0.33\tomcat-embed-core-8.0.33.jar;C:\Users\usuario\.m2\repository\org\apache\tomcat\embed\tomcat-embed-el\8.0.33\tomcat-embed-el-8.0.33.jar;C:\Users\usuario\.m2\repository\org\apache\tomcat\embed\tomcat-embed-logging-juli\8.0.33\tomcat-embed-logging-juli-8.0.33.jar;C:\Users\usuario\.m2\repository\org\apache\tomcat\embed\tomcat-embed-websocket\8.0.33\tomcat-embed-websocket-8.0.33.jar;C:\Users\usuario\.m2\repository\mysql\mysql-connector-java\5.1.38\mysql-connector-java-5.1.38.jar;C:\Users\usuario\.m2\repository\junit\junit\4.12\junit-4.12.jar;C:\Users\usuario\.m2\repository\org\hamcrest\hamcrest-core\1.3\hamcrest-core-1.3.jar;C:\Users\usuario\.m2\repository\org\springframework\spring-core\4.2.6.RELEASE\spring-core-4.2.6.RELEASE.jar;C:\Users\usuario\.m2\repository\org\springframework\boot\spring-boot-autoconfigure\1.3.5.RELEASE\spring-boot-autoconfigure-1.3.5.RELEASE.jar;C:\Users\usuario\.m2\repository\org\springframework\boot\spring-boot\1.3.5.RELEASE\spring-boot-1.3.5.RELEASE.jar;C:\Users\usuario\.m2\repository\org\springframework\boot\spring-boot-starter-web\1.3.5.RELEASE\spring-boot-starter-web-1.3.5.RELEASE.jar;C:\Users\usuario\.m2\repository\org\springframework\boot\spring-boot-starter\1.3.5.RELEASE\spring-boot-starter-1.3.5.RELEASE.jar;C:\Users\usuario\.m2\repository\org\springframework\boot\spring-boot-starter-logging\1.3.5.RELEASE\spring-boot-starter-logging-1.3.5.RELEASE.jar;C:\Users\usuario\.m2\repository\ch\qos\logback\logback-classic\1.1.7\logback-classic-1.1.7.jar;C:\Users\usuario\.m2\repository\ch\qos\logback\logback-core\1.1.7\logback-core-1.1.7.jar;C:\Users\usuario\.m2\repository\org\slf4j\jul-to-slf4j\1.7.21\jul-to-slf4j-1.7.21.jar;C:\Users\usuario\.m2\repository\org\s
Launcher Type: SUN_STANDARD

Environment Variables:
PATH=C:/Program Files/Java/jre1.8.0_144/bin/server;C:/Program Files/Java/jre1.8.0_144/bin;C:/Program Files/Java/jre1.8.0_144/lib/amd64;C:\ProgramData\Oracle\Java\javapath;C:\Program Files (x86)\Intel\iCLS Client\;C:\Program Files\Intel\iCLS Client\;C:\WINDOWS\system32;C:\WINDOWS;C:\WINDOWS\System32\Wbem;C:\WINDOWS\System32\WindowsPowerShell\v1.0\;C:\Program Files (x86)\Intel\Intel(R) Management Engine Components\DAL;C:\Program Files\Intel\Intel(R) Management Engine Components\DAL;C:\Program Files (x86)\Intel\Intel(R) Management Engine Components\IPT;C:\Program Files\Intel\Intel(R) Management Engine Components\IPT;C:\Program Files (x86)\Skype\Phone\;C:\Program Files\MySQL\MySQL Utilities 1.6\;C:\Program Files\nodejs\;C:\Program Files\TortoiseSVN\bin;C:\Users\usuario\AppData\Local\Microsoft\WindowsApps;C:\Users\usuario\AppData\Roaming\npm;C:\GeraPainel\fbexport-1.90\exe;;C:\Users\usuario\eclipse\jee-neon\eclipse;
USERNAME=usuario
OS=Windows_NT
PROCESSOR_IDENTIFIER=Intel64 Family 6 Model 78 Stepping 3, GenuineIntel



---------------  S Y S T E M  ---------------

OS: Windows 10.0 , 64 bit Build 15063 (10.0.15063.296)

CPU:total 4 (initial active 4) (2 cores per cpu, 2 threads per core) family 6 model 78 stepping 3, cmov, cx8, fxsr, mmx, sse, sse2, sse3, ssse3, sse4.1, sse4.2, popcnt, avx, avx2, aes, clmul, erms, 3dnowpref, lzcnt, ht, tsc, tscinvbit, bmi1, bmi2, adx

Memory: 4k page, physical 8272444k(1144964k free), swap 13541468k(2238468k free)

vm_info: Java HotSpot(TM) 64-Bit Server VM (25.144-b01) for windows-amd64 JRE (1.8.0_144-b01), built on Jul 21 2017 21:57:33 by "java_re" with MS VC++ 10.0 (VS2010)

time: Fri Oct 20 11:41:31 2017
elapsed time: 7479 seconds (0d 2h 4m 39s)

